Removed Pin From Net: NetName=BAT+ Pin=C16-1
Removed Pin From Net: NetName=GND Pin=C16-2
Removed Pin From Net: NetName=BAT+ Pin=C17-1
Removed Pin From Net: NetName=+4.2 Pin=C18-1
Removed Pin From Net: NetName=GND Pin=C18-2
Removed Pin From Net: NetName=GND Pin=C22-1
Removed Pin From Net: NetName=+4.2 Pin=C22-2
Removed Pin From Net: NetName=GND Pin=R13-1
Removed Pin From Net: NetName=BAT+ Pin=U5-A1
Removed Pin From Net: NetName=BAT+ Pin=U5-A2
Removed Pin From Net: NetName=BAT+ Pin=U5-A3
Removed Pin From Net: NetName=BAT+ Pin=U5-A4
Removed Pin From Net: NetName=BAT+ Pin=U5-A5
Removed Pin From Net: NetName=BAT+ Pin=U5-B5
Removed Pin From Net: NetName=GND Pin=U5-C1
Removed Pin From Net: NetName=GND Pin=U5-C2
Removed Pin From Net: NetName=GND Pin=U5-C3
Removed Pin From Net: NetName=BAT+ Pin=U5-C4
Removed Pin From Net: NetName=GND Pin=U5-C5
Removed Pin From Net: NetName=GND Pin=U5-D5
Removed Pin From Net: NetName=+4.2 Pin=U5-E1
Removed Pin From Net: NetName=+4.2 Pin=U5-E2
Removed Pin From Net: NetName=+4.2 Pin=U5-E3
Removed Pin From Net: NetName=+4.2 Pin=U5-E4
Removed Member From Class: ClassName=SmartHelmet Member=C22
Removed Member From Class: ClassName=SmartHelmet Member=L1
Removed Member From Class: ClassName=SmartHelmet Member=R13
Removed Member From Class: ClassName=SmartHelmet Member=U5
Change Component Footprint: Designator=C16 Old Footprint=FP-CL05A106MP5NUNC-MFG New Footprint=CAPC1050X55X23ML05T13
Change Component Footprint: Designator=C17 Old Footprint=FP-CL05A106MP5NUNC-MFG New Footprint=CAPC1608X105N
Change Component Comment : Designator=C16 Old Comment=CL05A106MP5NUNC New Comment=CL05B104KO5NNNC
Change Component Comment : Designator=C17 Old Comment=CL05A106MP5NUNC New Comment=CL10A226MP8NUNE
Change Component Comment : Designator=R12 Old Comment=CRCW0402590KFKED New Comment=CRCW04021M24FKED
Change Component Designator: OldDesignator=IC? NewDesignator=IC2
Change Component Designator: OldDesignator=P? NewDesignator=P7
Change Managed Component Library Link : Designator=C16 Old VaultGUID=B7D15EC3-160A-466F-A46C-7801FE6295A7 New VaultGUID=B7D15EC3-160A-466F-A46C-7801FE6295A7 Old ItemGUID=852C0507-0546-49E6-B4ED-2EA96575875B New ItemGUID=1154ADC4-9949-4CD4-9518-E6026EDCB16E Old RevisionGUID=35543DD4-E214-49B4-B423-3E72F9FE0A8E New RevisionGUID=04E348BC-2832-4FFE-872D-2FB64B2D2813
Change Managed Component Library Link : Designator=R12 Old VaultGUID=B7D15EC3-160A-466F-A46C-7801FE6295A7 New VaultGUID=B7D15EC3-160A-466F-A46C-7801FE6295A7 Old ItemGUID=301D262B-FF53-41C7-A646-F8FECA7E68F8 New ItemGUID=67FF5130-C35B-40A2-B009-A786615DE909 Old RevisionGUID=24054B43-866C-4A1C-A144-88EC21ECC8FC New RevisionGUID=A3B12614-1C9D-48F8-AA81-2EB2DE436F5C
Change Managed Component Library Link : Designator=C17 Old VaultGUID=B7D15EC3-160A-466F-A46C-7801FE6295A7 New VaultGUID= Old ItemGUID=852C0507-0546-49E6-B4ED-2EA96575875B New ItemGUID= Old RevisionGUID=35543DD4-E214-49B4-B423-3E72F9FE0A8E New RevisionGUID=
Change component parameters: Designator = "C16" ("C16"); Footprint = "FP-CL05A106MP5NUNC-MFG"; UniqueID = "\OCKZMFJX" ("\OCKZMFJX")
Change component parameters (AddParameter): Name = "Capacitance"; Value = "100nF"; VariantName = "[No Variations]"
Change component parameters (AddParameter): Name = "Case Size/Dimension"; Value = "0402"; VariantName = "[No Variations]"
Change component parameters (AddParameter): Name = "Datasheet URL"; Value = "https://datasheet.ciiva.com/29198/458718-da-01-en-vs-kondensator-0402-29198423.pdf"; VariantName = "[No Variations]"
Change component parameters (AddParameter): Name = "Datasheet Version"; Value = "Nov-10"; VariantName = "[No Variations]"
Change component parameters (AddParameter): Name = "Dielectric"; Value = "X7R"; VariantName = "[No Variations]"
Change component parameters (AddParameter): Name = "Manufacturer"; Value = "Samsung Electro-Mechanics"; VariantName = "[No Variations]"
Change component parameters (AddParameter): Name = "Manufacturer URL"; Value = "http://www.samsungsem.com/global/index.jsp"; VariantName = "[No Variations]"
Change component parameters (AddParameter): Name = "Rated Voltage"; Value = "16V"; VariantName = "[No Variations]"
Change component parameters (AddParameter): Name = "Tolerance (%)"; Value = "±10%"; VariantName = "[No Variations]"
Change component parameters: Designator = "C17" ("C17"); Footprint = "FP-CL05A106MP5NUNC-MFG"; UniqueID = "\AIKZEKAR" ("\AIKZEKAR")
Change component parameters (AddParameter): Name = "Arrow Part Number"; Value = "CL10A226MP8NUNE"; VariantName = "[No Variations]"
Change component parameters (AddParameter): Name = "Arrow Price/Stock"; Value = "https://www.arrow.com/en/products/cl10a226mp8nune/samsung-electro-mechanics?region=nac"; VariantName = "[No Variations]"
Change component parameters (AddParameter): Name = "Datasheet Link"; Value = "https://datasheet.datasheetarchive.com/originals/distributors/Datasheets-DGA10/2407063.pdf"; VariantName = "[No Variations]"
Change component parameters (AddParameter): Name = "Height"; Value = "1.05mm"; VariantName = "[No Variations]"
Change component parameters (AddParameter): Name = "Manufacturer_Name"; Value = "SAMSUNG"; VariantName = "[No Variations]"
Change component parameters (AddParameter): Name = "Manufacturer_Part_Number"; Value = "CL10A226MP8NUNE"; VariantName = "[No Variations]"
Change component parameters (AddParameter): Name = "Mouser Part Number"; Value = "187-CL10A226MP8NUNE"; VariantName = "[No Variations]"
Change component parameters (AddParameter): Name = "Mouser Price/Stock"; Value = "https://www.mouser.co.uk/ProductDetail/Samsung-Electro-Mechanics/CL10A226MP8NUNE?qs=gRKWieUq2Hb5O0PTfRKzDQ%3D%3D"; VariantName = "[No Variations]"
Change component parameters (AddParameter): Name = "Value"; Value = "22uF"; VariantName = "[No Variations]"
Change component parameters: Designator = "R12" ("R12"); Footprint = "FP-CRCW0402-e3-IPC_C"; UniqueID = "\HWGIBRBV" ("\HWGIBRBV")
Change component parameters (AddParameter): Name = "Case Code (Imperial)"; Value = "0402"; VariantName = "[No Variations]"
Change component parameters (AddParameter): Name = "Case Code (Metric)"; Value = "1005"; VariantName = "[No Variations]"
Change component parameters (AddParameter): Name = "Case/Package"; Value = "0402"; VariantName = "[No Variations]"
Change component parameters (AddParameter): Name = "Composition"; Value = "Thick Film"; VariantName = "[No Variations]"
Change component parameters (AddParameter): Name = "Contact Plating"; Value = "Tin"; VariantName = "[No Variations]"
Change component parameters (AddParameter): Name = "Depth"; Value = "0.5mm"; VariantName = "[No Variations]"
Change component parameters (AddParameter): Name = "Features"; Value = "Automotive AEC-Q200"; VariantName = "[No Variations]"
Change component parameters (AddParameter): Name = "Height"; Value = "0.016inch"; VariantName = "[No Variations]"
Change component parameters (AddParameter): Name = "Lead Free"; Value = "Lead Free"; VariantName = "[No Variations]"
Change component parameters (AddParameter): Name = "Length"; Value = "1mm"; VariantName = "[No Variations]"
Change component parameters (AddParameter): Name = "Max Operating Temperature"; Value = "155°C"; VariantName = "[No Variations]"
Change component parameters (AddParameter): Name = "Max Power Dissipation"; Value = "63mW"; VariantName = "[No Variations]"
Change component parameters (AddParameter): Name = "Military Standard"; Value = "Not"; VariantName = "[No Variations]"
Change component parameters (AddParameter): Name = "Min Operating Temperature"; Value = "-55°C"; VariantName = "[No Variations]"
Change component parameters (AddParameter): Name = "Number of Pins"; Value = "2"; VariantName = "[No Variations]"
Change component parameters (AddParameter): Name = "Number of Terminations"; Value = "2"; VariantName = "[No Variations]"
Change component parameters (AddParameter): Name = "Package Quantity"; Value = "10"; VariantName = "[No Variations]"
Change component parameters (AddParameter): Name = "Packaging"; Value = "Tape and Reel"; VariantName = "[No Variations]"
Change component parameters (AddParameter): Name = "Power Rating"; Value = "63mW"; VariantName = "[No Variations]"
Change component parameters (AddParameter): Name = "Radiation Hardening"; Value = "No"; VariantName = "[No Variations]"
Change component parameters (AddParameter): Name = "Resistance"; Value = "1.24MR"; VariantName = "[No Variations]"
Change component parameters (AddParameter): Name = "Temperature Coefficient"; Value = "100ppm/°C"; VariantName = "[No Variations]"
Change component parameters (AddParameter): Name = "Termination"; Value = "SMD/SMT"; VariantName = "[No Variations]"
Change component parameters (AddParameter): Name = "Tolerance"; Value = "1%"; VariantName = "[No Variations]"
Change component parameters (AddParameter): Name = "Voltage Rating"; Value = "50V"; VariantName = "[No Variations]"
Change component parameters (AddParameter): Name = "Voltage Rating (DC)"; Value = "50V"; VariantName = "[No Variations]"
Change component parameters (AddParameter): Name = "Weight"; Value = "2.3E-05oz"; VariantName = "[No Variations]"
Change component parameters (AddParameter): Name = "Width"; Value = "0.02inch"; VariantName = "[No Variations]"
Added Component: Designator=C?(FP-GCQ155-0_05-IPC_B)
Add component (AddParameter): Name = "Capacitance"; Value = "4.7pF"; VariantName = "[No Variations]"
Add component (AddParameter): Name = "Case/Package"; Value = "0402"; VariantName = "[No Variations]"
Add component (AddParameter): Name = "Max Operating Temperature"; Value = "125°C"; VariantName = "[No Variations]"
Add component (AddParameter): Name = "Min Operating Temperature"; Value = "-55°C"; VariantName = "[No Variations]"
Add component (AddParameter): Name = "Mount"; Value = "Surface Mount"; VariantName = "[No Variations]"
Add component (AddParameter): Name = "Packaging"; Value = "Tape and Reel"; VariantName = "[No Variations]"
Add component (AddParameter): Name = "Ratings"; Value = "AEC-Q200"; VariantName = "[No Variations]"
Add component (AddParameter): Name = "Voltage Rating"; Value = "50V"; VariantName = "[No Variations]"
Added Component: Designator=R14(RESC1005X40N)
Add component (AddParameter): Name = "Arrow Part Number"; Value = "CRCW0402180KFKED"; VariantName = "[No Variations]"
Add component (AddParameter): Name = "Arrow Price/Stock"; Value = "https://www.arrow.com/en/products/crcw0402180kfked/vishay"; VariantName = "[No Variations]"
Add component (AddParameter): Name = "Datasheet Link"; Value = "http://www.vishay.com/docs/20035/dcrcwe3.pdf"; VariantName = "[No Variations]"
Add component (AddParameter): Name = "Height"; Value = "0.4mm"; VariantName = "[No Variations]"
Add component (AddParameter): Name = "Manufacturer_Name"; Value = "Vishay"; VariantName = "[No Variations]"
Add component (AddParameter): Name = "Manufacturer_Part_Number"; Value = "CRCW0402180KFKED"; VariantName = "[No Variations]"
Add component (AddParameter): Name = "Mouser Part Number"; Value = "71-CRCW0402180KFKED"; VariantName = "[No Variations]"
Add component (AddParameter): Name = "Mouser Price/Stock"; Value = "https://www.mouser.co.uk/ProductDetail/Vishay-Dale/CRCW0402180KFKED?qs=QPqDnsKvzKeCvZvZQylUHg%3D%3D"; VariantName = "[No Variations]"
Added Component: Designator=R?(RESC1005X40X25LL05T05)
Add component (AddParameter): Name = "Manufacturer"; Value = "Vishay Dale"; VariantName = "[No Variations]"
Add component (AddParameter): Name = "Part Number"; Value = "CRCW040268K0FKED"; VariantName = "[No Variations]"
Add component (AddParameter): Name = "Resistance"; Value = "68K"; VariantName = "[No Variations]"
Added Component: Designator=Y1(INDPM4440X200N)
Add component (AddParameter): Name = "Arrow Part Number"; Value = ""; VariantName = "[No Variations]"
Add component (AddParameter): Name = "Arrow Price/Stock"; Value = ""; VariantName = "[No Variations]"
Add component (AddParameter): Name = "Datasheet Link"; Value = "https://abracon.com/datasheets/AMDLA4020Q.pdf"; VariantName = "[No Variations]"
Add component (AddParameter): Name = "Height"; Value = "2mm"; VariantName = "[No Variations]"
Add component (AddParameter): Name = "Manufacturer_Name"; Value = "ABRACON"; VariantName = "[No Variations]"
Add component (AddParameter): Name = "Manufacturer_Part_Number"; Value = "AMDLA4020Q-1R5MT"; VariantName = "[No Variations]"
Add component (AddParameter): Name = "Mouser Part Number"; Value = "815-AMDLA4020Q-1R5MT"; VariantName = "[No Variations]"
Add component (AddParameter): Name = "Mouser Price/Stock"; Value = "https://www.mouser.co.uk/ProductDetail/ABRACON/AMDLA4020Q-1R5MT?qs=7MVldsJ5Uax4YduHzChsEg%3D%3D"; VariantName = "[No Variations]"
Added Pin To Net: NetName=GND Pin=C16-1
Added Pin To Net: NetName=BAT+ Pin=C16-2
Added Pin To Net: NetName=+4.2 Pin=C17-1
Added Pin To Net: NetName=GND Pin=C18-1
Added Pin To Net: NetName=+4.2 Pin=C18-2
Added Pin To Net: NetName=BAT+ Pin=IC2-1
Added Pin To Net: NetName=GND Pin=IC2-2
Added Pin To Net: NetName=+4.2 Pin=IC2-4
Added Pin To Net: NetName=+4.2 Pin=IC2-5
Added Pin To Net: NetName=BAT+ Pin=IC2-10
Added Pin To Net: NetName=BAT+ Pin=IC2-11
Added Pin To Net: NetName=BAT+ Pin=IC2-12
Added Pin To Net: NetName=GND Pin=IC2-13
Added Pin To Net: NetName=GND Pin=IC2-15
Added Pin To Net: NetName=GND Pin=IC2-16
Added Pin To Net: NetName=GND Pin=IC2-17
Added Pin To Net: NetName=GND Pin=IC2-18
Added Pin To Net: NetName=GND Pin=IC2-19
Added Pin To Net: NetName=GND Pin=IC2-20
Added Pin To Net: NetName=GND Pin=IC2-21
Added Pin To Net: NetName=GND Pin=IC2-22
Added Pin To Net: NetName=GND Pin=IC2-23
Added Pin To Net: NetName=GND Pin=R14-2
Added Pin To Net: NetName=+4.2 Pin=R?-2
Change Net Name : Old Net Name=NetP?_1 New Net Name=NetP7_1
Change Net Name : Old Net Name=NetP?_2 New Net Name=NetP7_2
Added Pin To Net: NetName=NetC?_1 Pin=C?-1
Added Pin To Net: NetName=NetC?_1 Pin=R?-1
Added Net: Name=NetC?_1
Added Pin To Net: NetName=NetC?_2 Pin=C?-2
Added Pin To Net: NetName=NetC?_2 Pin=IC2-3
Added Pin To Net: NetName=NetC?_2 Pin=R12-1
Added Pin To Net: NetName=NetC?_2 Pin=R14-1
Added Net: Name=NetC?_2
Added Pin To Net: NetName=NetIC2_6 Pin=IC2-6
Added Pin To Net: NetName=NetIC2_6 Pin=IC2-7
Added Pin To Net: NetName=NetIC2_6 Pin=Y1-2
Added Net: Name=NetIC2_6
Added Pin To Net: NetName=NetIC2_8 Pin=IC2-8
Added Pin To Net: NetName=NetIC2_8 Pin=IC2-9
Added Pin To Net: NetName=NetIC2_8 Pin=Y1-1
Added Net: Name=NetIC2_8
Added Member To Class: ClassName=SmartHelmet Member=Component C? GCQ1555C1H4R7BB01D
Added Member To Class: ClassName=SmartHelmet Member=Component R14 CRCW0402180KFKED
Added Member To Class: ClassName=SmartHelmet Member=Component R? CRCW040268K0FKED
Added Member To Class: ClassName=SmartHelmet Member=Component Y1 AMDLA4020Q-1R5MT
Added Room: Name=SmartHelmet
