Added Component: Designator=P2(HDR1X4)
Add component (AddParameter): Name = "LatestRevisionDate"; Value = "17-Jul-2002"; VariantName = "[No Variations]"
Add component (AddParameter): Name = "LatestRevisionNote"; Value = "Re-released for DXP Platform."; VariantName = "[No Variations]"
Add component (AddParameter): Name = "Publisher"; Value = "Altium Limited"; VariantName = "[No Variations]"
Added Component: Designator=P5(HDR1X2)
Add component (AddParameter): Name = "LatestRevisionDate"; Value = "17-Jul-2002"; VariantName = "[No Variations]"
Add component (AddParameter): Name = "LatestRevisionNote"; Value = "Re-released for DXP Platform."; VariantName = "[No Variations]"
Add component (AddParameter): Name = "Publisher"; Value = "Altium Limited"; VariantName = "[No Variations]"
Added Component: Designator=P6(HDR1X2)
Add component (AddParameter): Name = "LatestRevisionDate"; Value = "17-Jul-2002"; VariantName = "[No Variations]"
Add component (AddParameter): Name = "LatestRevisionNote"; Value = "Re-released for DXP Platform."; VariantName = "[No Variations]"
Add component (AddParameter): Name = "Publisher"; Value = "Altium Limited"; VariantName = "[No Variations]"
Added Pin To Net: NetName=GND Pin=P2-1
Added Pin To Net: NetName=+3.3 Pin=P2-2
Added Pin To Net: NetName=SCL Pin=P2-3
Added Pin To Net: NetName=SCL Pin=P2-4
Added Pin To Net: NetName=GND Pin=P5-1
Added Pin To Net: NetName=GND Pin=P6-1
Added Pin To Net: NetName=BUTTON_1 Pin=P5-2
Added Pin To Net: NetName=BUTTON_1 Pin=U4-19
Added Net: Name=BUTTON_1
Added Pin To Net: NetName=BUTTON_2 Pin=P6-2
Added Pin To Net: NetName=BUTTON_2 Pin=U4-20
Added Net: Name=BUTTON_2
Added Member To Class: ClassName=SmartHelmet Member=Component P2 Header 4
Added Member To Class: ClassName=SmartHelmet Member=Component P5 Header 2
Added Member To Class: ClassName=SmartHelmet Member=Component P6 Header 2
Added Room: Name=SmartHelmet
