Removed Member From Class: ClassName=Microcontroller Member=IC?
Added Component: Designator=U?(ESP32-32UE_EXP)
Add component (AddParameter): Name = "Copyright"; Value = "Copyright (C) 2024 Ultra Librarian. All rights reserved."; VariantName = "[No Variations]"
Add component (AddParameter): Name = "Manufacturer_Part_Number"; Value = "ESP32-WROOM-32UE-N16"; VariantName = "[No Variations]"
Add component (AddParameter): Name = "Mfr_Name"; Value = "Espressif Systems"; VariantName = "[No Variations]"
Add component (AddParameter): Name = "RefDes"; Value = "RefDes"; VariantName = "[No Variations]"
Add component (AddParameter): Name = "Type"; Value = "DEV"; VariantName = "[No Variations]"
Add Net: Net with name "NetC?_2" already exists
Add Net: Net with name "NetLED?_1" already exists
Add Net: Net with name "NetLED?_2" already exists
Add Net: Net with name "NetR?_2" already exists
Add Net: Net with name "NetR?_2" already exists
Added Member To Class: ClassName=PowerSupply Member=Component C? CL05A106MP5NUNC
Added Member To Class: ClassName=PowerSupply Member=Component C? CL05A106MP5NUNC
Added Member To Class: ClassName=PowerSupply Member=Component C? CC0402JRNPO9BN100
Added Member To Class: ClassName=PowerSupply Member=Component C? CL10A226MP8NUNE
Added Member To Class: ClassName=PowerSupply Member=Component C? CL10A226MP8NUNE
Added Member To Class: ClassName=PowerSupply Member=Component C? CL10A226MP8NUNE
Added Member To Class: ClassName=PowerSupply Member=Component C? CL05B104KO5NNNC
Added Member To Class: ClassName=PowerSupply Member=Component C? CL05A106MP5NUNC
Added Member To Class: ClassName=PowerSupply Member=Component C? CL05A106MP5NUNC
Added Member To Class: ClassName=PowerSupply Member=Component C? CL05A106MP5NUNC
Added Member To Class: ClassName=PowerSupply Member=Component LED? NCD0402R1
Added Member To Class: ClassName=PowerSupply Member=Component R? RT0805BRD07111KL
Added Member To Class: ClassName=PowerSupply Member=Component R? AC0402DR-071ML
Added Member To Class: ClassName=PowerSupply Member=Component R? RC0402FR-0710KL
Added Member To Class: ClassName=PowerSupply Member=Component R? RC0402FR-071KL
Added Member To Class: ClassName=PowerSupply Member=Component R? RC0402FR-071K5L
Added Member To Class: ClassName=PowerSupply Member=Component R? AC0402FR-07549RL
Added Member To Class: ClassName=PowerSupply Member=Component R? AC0402DR-071ML
Added Member To Class: ClassName=Microcontroller Member=Component U? ESP32-WROOM-32UE-N16
Added Member To Class: ClassName=PowerSupply Member=Component U? BQ24040DSQR
Added Room: Name=Gyro
Added Room: Name=Microcontroller
Added Room: Name=PowerSupply
