Removed Pin From Net: NetName=GND Pin=U4-1
Removed Pin From Net: NetName=GND Pin=U4-2
Removed Pin From Net: NetName=+3.3 Pin=U4-3
Removed Pin From Net: NetName=BOOT Pin=U4-4
Removed Pin From Net: NetName=BAT_VOLTAGE Pin=U4-8
Removed Pin From Net: NetName=MIC_WS Pin=U4-9
Removed Pin From Net: NetName=MIC_SCK Pin=U4-10
Removed Pin From Net: NetName=MIC_LR Pin=U4-11
Removed Pin From Net: NetName=MIC_SD Pin=U4-12
Removed Pin From Net: NetName=GSM_RXD Pin=U4-13
Removed Pin From Net: NetName=GSM_TXD Pin=U4-14
Removed Pin From Net: NetName=GSM_SLEEP Pin=U4-15
Removed Pin From Net: NetName=GSM_RING Pin=U4-16
Removed Pin From Net: NetName=SCL Pin=U4-17
Removed Pin From Net: NetName=SDA Pin=U4-18
Removed Pin From Net: NetName=BUTTON_1 Pin=U4-19
Removed Pin From Net: NetName=BUTTON_2 Pin=U4-20
Removed Pin From Net: NetName=USB_D- Pin=U4-23
Removed Pin From Net: NetName=USB_D+ Pin=U4-24
Removed Pin From Net: NetName=SP_SD_MODE Pin=U4-28
Removed Pin From Net: NetName=SP_BCLK Pin=U4-29
Removed Pin From Net: NetName=SP_LRCLK Pin=U4-31
Removed Pin From Net: NetName=SP_DIN Pin=U4-32
Removed Pin From Net: NetName=GND Pin=U4-42
Removed Pin From Net: NetName=GND Pin=U4-43
Removed Pin From Net: NetName=ENABLE Pin=U4-45
Removed Pin From Net: NetName=GND Pin=U4-46
Removed Pin From Net: NetName=GND Pin=U4-47
Removed Pin From Net: NetName=GND Pin=U4-48
Removed Pin From Net: NetName=GND Pin=U4-49
Removed Pin From Net: NetName=GND Pin=U4-50
Removed Pin From Net: NetName=GND Pin=U4-51
Removed Pin From Net: NetName=GND Pin=U4-52
Removed Pin From Net: NetName=GND Pin=U4-53
Removed Pin From Net: NetName=GND Pin=U4-54
Removed Pin From Net: NetName=GND Pin=U4-55
Removed Pin From Net: NetName=GND Pin=U4-56
Removed Pin From Net: NetName=GND Pin=U4-57
Removed Pin From Net: NetName=GND Pin=U4-58
Removed Pin From Net: NetName=GND Pin=U4-59
Removed Pin From Net: NetName=GND Pin=U4-60
Removed Pin From Net: NetName=GND Pin=U4-61_1
Removed Pin From Net: NetName=GND Pin=U4-61_2
Removed Pin From Net: NetName=GND Pin=U4-61_3
Removed Pin From Net: NetName=GND Pin=U4-61_4
Removed Pin From Net: NetName=GND Pin=U4-61_5
Removed Pin From Net: NetName=GND Pin=U4-61_6
Removed Pin From Net: NetName=GND Pin=U4-61_7
Removed Pin From Net: NetName=GND Pin=U4-61_8
Removed Pin From Net: NetName=GND Pin=U4-61_9
Removed Pin From Net: NetName=GND Pin=U4-62
Removed Pin From Net: NetName=GND Pin=U4-63
Removed Pin From Net: NetName=GND Pin=U4-64
Removed Pin From Net: NetName=GND Pin=U4-65
Removed Member From Class: ClassName=SmartHelmet Member=U?
Change Component Designator: OldDesignator=U? NewDesignator=U4
Added Pin To Net: NetName=GND Pin=U4-1
Added Pin To Net: NetName=GND Pin=U4-2
Added Pin To Net: NetName=+3.3 Pin=U4-3
Added Pin To Net: NetName=BOOT Pin=U4-4
Added Pin To Net: NetName=BAT_VOLTAGE Pin=U4-8
Added Pin To Net: NetName=MIC_WS Pin=U4-9
Added Pin To Net: NetName=MIC_SCK Pin=U4-10
Added Pin To Net: NetName=MIC_LR Pin=U4-11
Added Pin To Net: NetName=MIC_SD Pin=U4-12
Added Pin To Net: NetName=GSM_RXD Pin=U4-13
Added Pin To Net: NetName=GSM_TXD Pin=U4-14
Added Pin To Net: NetName=GSM_SLEEP Pin=U4-15
Added Pin To Net: NetName=GSM_RING Pin=U4-16
Added Pin To Net: NetName=SCL Pin=U4-17
Added Pin To Net: NetName=SDA Pin=U4-18
Added Pin To Net: NetName=BUTTON_1 Pin=U4-19
Added Pin To Net: NetName=BUTTON_2 Pin=U4-20
Added Pin To Net: NetName=USB_D- Pin=U4-23
Added Pin To Net: NetName=USB_D+ Pin=U4-24
Added Pin To Net: NetName=SP_SD_MODE Pin=U4-28
Added Pin To Net: NetName=SP_BCLK Pin=U4-29
Added Pin To Net: NetName=SP_LRCLK Pin=U4-31
Added Pin To Net: NetName=SP_DIN Pin=U4-32
Added Pin To Net: NetName=GND Pin=U4-42
Added Pin To Net: NetName=GND Pin=U4-43
Added Pin To Net: NetName=ENABLE Pin=U4-45
Added Pin To Net: NetName=GND Pin=U4-46
Added Pin To Net: NetName=GND Pin=U4-47
Added Pin To Net: NetName=GND Pin=U4-48
Added Pin To Net: NetName=GND Pin=U4-49
Added Pin To Net: NetName=GND Pin=U4-50
Added Pin To Net: NetName=GND Pin=U4-51
Added Pin To Net: NetName=GND Pin=U4-52
Added Pin To Net: NetName=GND Pin=U4-53
Added Pin To Net: NetName=GND Pin=U4-54
Added Pin To Net: NetName=GND Pin=U4-55
Added Pin To Net: NetName=GND Pin=U4-56
Added Pin To Net: NetName=GND Pin=U4-57
Added Pin To Net: NetName=GND Pin=U4-58
Added Pin To Net: NetName=GND Pin=U4-59
Added Pin To Net: NetName=GND Pin=U4-60
Added Pin To Net: NetName=GND Pin=U4-61_1
Added Pin To Net: NetName=GND Pin=U4-61_2
Added Pin To Net: NetName=GND Pin=U4-61_3
Added Pin To Net: NetName=GND Pin=U4-61_4
Added Pin To Net: NetName=GND Pin=U4-61_5
Added Pin To Net: NetName=GND Pin=U4-61_6
Added Pin To Net: NetName=GND Pin=U4-61_7
Added Pin To Net: NetName=GND Pin=U4-61_8
Added Pin To Net: NetName=GND Pin=U4-61_9
Added Pin To Net: NetName=GND Pin=U4-62
Added Pin To Net: NetName=GND Pin=U4-63
Added Pin To Net: NetName=GND Pin=U4-64
Added Pin To Net: NetName=GND Pin=U4-65
