Remove Pin from Net: Failed to remove Pin
Remove Pin from Net: Failed to remove Pin
Remove Pin from Net: Failed to remove Pin
Remove Pin from Net: Failed to remove Pin
Removed Pin From Net: NetName=GND Pin=R?-2
Change Footprint: Footprint Not Found CR01005FW1001GLF
Change Component Comment : Designator=R? Old Comment=RK73H1ETTP5101F New Comment=CR01005-FW-1001GLF
Change Managed Component Library Link : Designator=R? Old VaultGUID=B7D15EC3-160A-466F-A46C-7801FE6295A7 New VaultGUID= Old ItemGUID=CD37B156-5ABB-4840-86F5-961BAE3ABB87 New ItemGUID= Old RevisionGUID=835A96E2-7B1F-404D-A063-C7EF9C689BE1 New RevisionGUID=
Change component parameters: Designator = "R?" ("R?"); Footprint = "RESC1005X40X25ML10T10"; UniqueID = "\OAVBVTMD" ("\OAVBVTMD")
Change component parameters (AddParameter): Name = "Arrow Part Number"; Value = ""; VariantName = "[No Variations]"
Change component parameters (AddParameter): Name = "Arrow Price/Stock"; Value = ""; VariantName = "[No Variations]"
Change component parameters (AddParameter): Name = "Datasheet Link"; Value = "https://www.bourns.com/docs/product-datasheets/CRxxxxx.pdf"; VariantName = "[No Variations]"
Change component parameters (AddParameter): Name = "Height"; Value = "0.15mm"; VariantName = "[No Variations]"
Change component parameters (AddParameter): Name = "Manufacturer_Name"; Value = "Bourns"; VariantName = "[No Variations]"
Change component parameters (AddParameter): Name = "Manufacturer_Part_Number"; Value = "CR01005-FW-1001GLF"; VariantName = "[No Variations]"
Change component parameters (AddParameter): Name = "Mouser Part Number"; Value = "576-CR01005-W1001GL"; VariantName = "[No Variations]"
Change component parameters (AddParameter): Name = "Mouser Price/Stock"; Value = "https://www.mouser.co.uk/ProductDetail/Bourns/CR01005-FW-1001GLF?qs=vmHwEFxEFR%252BLRqrp0ZxAlg%3D%3D"; VariantName = "[No Variations]"
Change component parameters (AddParameter): Name = "resistance"; Value = "1K"; VariantName = "[No Variations]"
Added Component: Designator=J?(FP-USB4110-GF-A-MFG)
Add component (AddParameter): Name = "Automotive"; Value = "No"; VariantName = "[No Variations]"
Add component (AddParameter): Name = "Category"; Value = "Conn"; VariantName = "[No Variations]"
Add component (AddParameter): Name = "ComponentLink2Description"; Value = "Datasheet"; VariantName = "[No Variations]"
Add component (AddParameter): Name = "ComponentLink2URL"; Value = "https://gct.co/files/drawings/usb4110.pdf"; VariantName = "[No Variations]"
Add component (AddParameter): Name = "Conn Orientation"; Value = "Right Angle"; VariantName = "[No Variations]"
Add component (AddParameter): Name = "Contact Material"; Value = "Gold,Nickel"; VariantName = "[No Variations]"
Add component (AddParameter): Name = "Current Rating"; Value = "3/4.25/1.25/0.25A"; VariantName = "[No Variations]"
Add component (AddParameter): Name = "Device Class L1"; Value = "Connectors"; VariantName = "[No Variations]"
Add component (AddParameter): Name = "Device Class L2"; Value = "USB Connectors"; VariantName = "[No Variations]"
Add component (AddParameter): Name = "Device Class L3"; Value = "unset"; VariantName = "[No Variations]"
Add component (AddParameter): Name = "Digikey Description"; Value = "CONN USB 2.0 TYPE-C R/A SMT"; VariantName = "[No Variations]"
Add component (AddParameter): Name = "Height"; Value = "3.46mm"; VariantName = "[No Variations]"
Add component (AddParameter): Name = "Is Female"; Value = "yes"; VariantName = "[No Variations]"
Add component (AddParameter): Name = "Lead Free"; Value = "Yes"; VariantName = "[No Variations]"
Add component (AddParameter): Name = "Manufacturer"; Value = "GCT"; VariantName = "[No Variations]"
Add component (AddParameter): Name = "Manufacturer Part Number"; Value = "USB4110-GF-A"; VariantName = "[No Variations]"
Add component (AddParameter): Name = "Number Of Contacts"; Value = "16"; VariantName = "[No Variations]"
Add component (AddParameter): Name = "Octopart"; Value = "https://octopart.com/usb4110-gf-a-gct-103941985"; VariantName = "[No Variations]"
Add component (AddParameter): Name = "Package"; Value = "0"; VariantName = "[No Variations]"
Add component (AddParameter): Name = "RoHS"; Value = "TRUE"; VariantName = "[No Variations]"
Add component (AddParameter): Name = "Shielding"; Value = "true"; VariantName = "[No Variations]"
Add component (AddParameter): Name = "Standoff Height"; Value = "0.1mm"; VariantName = "[No Variations]"
Add component (AddParameter): Name = "Temperature"; Value = "-40°C to +85°C"; VariantName = "[No Variations]"
Add component (AddParameter): Name = "Temperature Range High"; Value = "+85°C"; VariantName = "[No Variations]"
Add component (AddParameter): Name = "Temperature Range Low"; Value = "-40°C"; VariantName = "[No Variations]"
Add component (AddParameter): Name = "Usb Standard"; Value = "USB 2.0"; VariantName = "[No Variations]"
Add component (AddParameter): Name = "Voltage Rating"; Value = "20V"; VariantName = "[No Variations]"
Added Component: Designator=R?(RESC1005X40X25ML10T10)
Add component (AddParameter): Name = "Manufacturer"; Value = "KOA Speer"; VariantName = "[No Variations]"
Add component (AddParameter): Name = "Part Number"; Value = "RK73H1ETTP5101F"; VariantName = "[No Variations]"
Add component (AddParameter): Name = "Resistance"; Value = "5.1K"; VariantName = "[No Variations]"
Added Pin To Net: NetName=GND Pin=J?-1
Added Pin To Net: NetName=GND Pin=J?-2
Added Pin To Net: NetName=GND Pin=J?-3
Added Pin To Net: NetName=GND Pin=J?-4
Added Pin To Net: NetName=GND Pin=J?-A1-B12
Added Pin To Net: NetName=USB_IN Pin=J?-A4-B9
Added Pin To Net: NetName=NetJ?_A5 Pin=J?-A5
Added Pin To Net: NetName=USB_D+ Pin=J?-A6
Added Pin To Net: NetName=USB_D- Pin=J?-A7
Added Pin To Net: NetName=GND Pin=J?-B1-A12
Added Pin To Net: NetName=USB_IN Pin=J?-B4-A9
Added Pin To Net: NetName=NetJ?_B5 Pin=J?-B5
Added Pin To Net: NetName=USB_D+ Pin=J?-B6
Added Pin To Net: NetName=USB_D- Pin=J?-B7
Added Pin To Net: NetName=NetJ?_B5 Pin=R?-1
Added Pin To Net: NetName=GND Pin=R?-2
Add Net: Net with name "NetC?_2" already exists
Add Net: Net with name "NetC?_2" already exists
Add Net: Net with name "NetC?_2" already exists
Add Net: Net with name "NetLED?_1" already exists
Add Net: Net with name "NetLED?_2" already exists
Add Net: Net with name "NetR?_2" already exists
Add Net: Net with name "NetR?_2" already exists
Add Net: Net with name "NetR?_2" already exists
Add Net: Net with name "NetR?_2" already exists
Added Member To Class: ClassName=SmartHelmet Member=Component C? CL05B104KO5NNNC
Added Member To Class: ClassName=SmartHelmet Member=Component C? CL05A106MP5NUNC
Added Member To Class: ClassName=SmartHelmet Member=Component C? CC0402KRX7R9BB222
Added Member To Class: ClassName=SmartHelmet Member=Component C? CL10A226MP8NUNE
Added Member To Class: ClassName=SmartHelmet Member=Component C? CL05A106MP5NUNC
Added Member To Class: ClassName=SmartHelmet Member=Component C? CC0402JRNPO9BN100
Added Member To Class: ClassName=SmartHelmet Member=Component C? CL05B104KO5NNNC
Added Member To Class: ClassName=SmartHelmet Member=Component C? CL10A226MP8NUNE
Added Member To Class: ClassName=SmartHelmet Member=Component C? CL05B104KO5NNNC
Added Member To Class: ClassName=SmartHelmet Member=Component C? CL05B104KO5NNNC
Added Member To Class: ClassName=SmartHelmet Member=Component C? CC0402KRX7R7BB104
Added Member To Class: ClassName=SmartHelmet Member=Component C? CL05A106MP5NUNC
Added Member To Class: ClassName=SmartHelmet Member=Component C? CL10A226MP8NUNE
Added Member To Class: ClassName=SmartHelmet Member=Component C? CC0402KRX7R7BB104
Added Member To Class: ClassName=SmartHelmet Member=Component C? CL10A226MP8NUNE
Added Member To Class: ClassName=SmartHelmet Member=Component C? CL05B104KO5NNNC
Added Member To Class: ClassName=SmartHelmet Member=Component C? GRM155C71C105KE11J
Added Member To Class: ClassName=SmartHelmet Member=Component C? CL05A106MP5NUNC
Added Member To Class: ClassName=SmartHelmet Member=Component C? CC0402KRX7R9BB103
Added Member To Class: ClassName=SmartHelmet Member=Component C? CL05A106MP5NUNC
Added Member To Class: ClassName=SmartHelmet Member=Component C? CL05A106MP5NUNC
Added Member To Class: ClassName=SmartHelmet Member=Component C? CL10A226MP8NUNE
Added Member To Class: ClassName=SmartHelmet Member=Component C? CL05B104KO5NNNC
Added Member To Class: ClassName=SmartHelmet Member=Component IC? TPS63060DSCR
Added Member To Class: ClassName=SmartHelmet Member=Component J? USB4110-GF-A
Added Member To Class: ClassName=SmartHelmet Member=Component LED? NCD0402R1
Added Member To Class: ClassName=SmartHelmet Member=Component P? Header 2
Added Member To Class: ClassName=SmartHelmet Member=Component P? Header 3X2
Added Member To Class: ClassName=SmartHelmet Member=Component P? Header 3X2
Added Member To Class: ClassName=SmartHelmet Member=Component R? RK73H1ETTP5101F
Added Member To Class: ClassName=SmartHelmet Member=Component R? RT0805BRD07111KL
Added Member To Class: ClassName=SmartHelmet Member=Component R? AC0402DR-071ML
Added Member To Class: ClassName=SmartHelmet Member=Component R? CRCW040210K0FKEE
Added Member To Class: ClassName=SmartHelmet Member=Component R? AC0402DR-071ML
Added Member To Class: ClassName=SmartHelmet Member=Component R? RC0402FR-0710KL
Added Member To Class: ClassName=SmartHelmet Member=Component R? RK73H1ETTP5101F
Added Member To Class: ClassName=SmartHelmet Member=Component R? RC0402FR-07100KL
Added Member To Class: ClassName=SmartHelmet Member=Component R? AC1206JR-074K7L
Added Member To Class: ClassName=SmartHelmet Member=Component R? AC0402FR-07549RL
Added Member To Class: ClassName=SmartHelmet Member=Component R? RC0402FR-071K5L
Added Member To Class: ClassName=SmartHelmet Member=Component R? CR01005-FW-1001GLF
Added Member To Class: ClassName=SmartHelmet Member=Component R? AC1206JR-074K7L
Added Member To Class: ClassName=SmartHelmet Member=Component R? RC0402FR-071K5L
Added Member To Class: ClassName=SmartHelmet Member=Component R? RK73H1ETTP5101F
Added Member To Class: ClassName=SmartHelmet Member=Component R? RC0402FR-071KL
Added Member To Class: ClassName=SmartHelmet Member=Component U? AP2204K-3.3TRG1
Added Member To Class: ClassName=SmartHelmet Member=Component U? ESP32-S3-MINI-1U-N8
Added Member To Class: ClassName=SmartHelmet Member=Component U? BQ24040DSQR
Added Member To Class: ClassName=SmartHelmet Member=Component U? MPU-6050
