Change Footprint: Footprint Not Found CR01005FW1001GLF
Change Component Designator: OldDesignator=C? NewDesignator=C1
Change Component Designator: OldDesignator=C? NewDesignator=C2
Change Component Designator: OldDesignator=LED? NewDesignator=LED1
Change Component Designator: OldDesignator=LED? NewDesignator=LED2
Change Component Designator: OldDesignator=R? NewDesignator=R1
Change Component Designator: OldDesignator=R? NewDesignator=R2
Change Net Name : Old Net Name=NetLED?_1 New Net Name=NetLED2_1
Change Net Name : Old Net Name=NetLED?_2 New Net Name=NetLED2_2
Add Net: Net with name "NetC?_2" already exists
Add Net: Net with name "NetC?_2" already exists
Add Net: Net with name "NetC?_2" already exists
Added Pin To Net: NetName=NetLED1_1 Pin=LED1-1
Added Pin To Net: NetName=NetLED1_1 Pin=U?-5
Added Net: Name=NetLED1_1
Added Pin To Net: NetName=NetLED1_2 Pin=LED1-2
Added Pin To Net: NetName=NetLED1_2 Pin=R2-1
Added Net: Name=NetLED1_2
Add Net: Net with name "NetR?_2" already exists
Add Net: Net with name "NetR?_2" already exists
Add Net: Net with name "NetR?_2" already exists
Add Net: Net with name "NetR?_2" already exists
Added Member To Class: ClassName=SmartHelmet Member=Component C1 CL05A106MP5NUNC
Added Member To Class: ClassName=SmartHelmet Member=Component C2 CL05A106MP5NUNC
Added Member To Class: ClassName=SmartHelmet Member=Component C? CL05A106MP5NUNC
Added Member To Class: ClassName=SmartHelmet Member=Component C? CL05B104KO5NNNC
Added Member To Class: ClassName=SmartHelmet Member=Component C? GRM155C71C105KE11J
Added Member To Class: ClassName=SmartHelmet Member=Component C? CC0402KRX7R7BB104
Added Member To Class: ClassName=SmartHelmet Member=Component C? CL10A226MP8NUNE
Added Member To Class: ClassName=SmartHelmet Member=Component C? CC0402KRX7R7BB104
Added Member To Class: ClassName=SmartHelmet Member=Component C? CL05B104KO5NNNC
Added Member To Class: ClassName=SmartHelmet Member=Component C? CL05A106MP5NUNC
Added Member To Class: ClassName=SmartHelmet Member=Component C? CL05B104KO5NNNC
Added Member To Class: ClassName=SmartHelmet Member=Component C? CC0402KRX7R9BB103
Added Member To Class: ClassName=SmartHelmet Member=Component C? CL05B104KO5NNNC
Added Member To Class: ClassName=SmartHelmet Member=Component C? CL10A226MP8NUNE
Added Member To Class: ClassName=SmartHelmet Member=Component C? CL05A106MP5NUNC
Added Member To Class: ClassName=SmartHelmet Member=Component C? CL10A226MP8NUNE
Added Member To Class: ClassName=SmartHelmet Member=Component C? CC0402JRNPO9BN100
Added Member To Class: ClassName=SmartHelmet Member=Component C? CL05B104KO5NNNC
Added Member To Class: ClassName=SmartHelmet Member=Component C? CL05A106MP5NUNC
Added Member To Class: ClassName=SmartHelmet Member=Component C? CL10A226MP8NUNE
Added Member To Class: ClassName=SmartHelmet Member=Component C? CL05B104KO5NNNC
Added Member To Class: ClassName=SmartHelmet Member=Component C? CL05A106MP5NUNC
Added Member To Class: ClassName=SmartHelmet Member=Component C? CL10A226MP8NUNE
Added Member To Class: ClassName=SmartHelmet Member=Component C? CC0402KRX7R9BB222
Added Member To Class: ClassName=SmartHelmet Member=Component IC? TPS63060DSCR
Added Member To Class: ClassName=SmartHelmet Member=Component LED1 NCD0402G1
Added Member To Class: ClassName=SmartHelmet Member=Component P? Header 3X2
Added Member To Class: ClassName=SmartHelmet Member=Component P? Header 2
Added Member To Class: ClassName=SmartHelmet Member=Component P? Header 3X2
Added Member To Class: ClassName=SmartHelmet Member=Component R2 RC0402FR-071K5L
Added Member To Class: ClassName=SmartHelmet Member=Component R? AC0402FR-07549RL
Added Member To Class: ClassName=SmartHelmet Member=Component R? RC0402FR-07100KL
Added Member To Class: ClassName=SmartHelmet Member=Component R? AC0402DR-071ML
Added Member To Class: ClassName=SmartHelmet Member=Component R? CR01005-FW-1001GLF
Added Member To Class: ClassName=SmartHelmet Member=Component R? AC0402DR-071ML
Added Member To Class: ClassName=SmartHelmet Member=Component R? AC1206JR-074K7L
Added Member To Class: ClassName=SmartHelmet Member=Component R? RK73H1ETTP5101F
Added Member To Class: ClassName=SmartHelmet Member=Component R? RC0402FR-0710KL
Added Member To Class: ClassName=SmartHelmet Member=Component R? AC1206JR-074K7L
Added Member To Class: ClassName=SmartHelmet Member=Component R? RK73H1ETTP5101F
Added Member To Class: ClassName=SmartHelmet Member=Component R? RK73H1ETTP5101F
Added Member To Class: ClassName=SmartHelmet Member=Component R? RC0402FR-071KL
Added Member To Class: ClassName=SmartHelmet Member=Component R? CRCW040210K0FKEE
Added Member To Class: ClassName=SmartHelmet Member=Component R? RK73H1ETTP5101F
Added Member To Class: ClassName=SmartHelmet Member=Component R? RT0805BRD07111KL
Added Member To Class: ClassName=SmartHelmet Member=Component U? BQ24040DSQR
Added Member To Class: ClassName=SmartHelmet Member=Component U? AP2204K-3.3TRG1
Added Member To Class: ClassName=SmartHelmet Member=Component U? MPU-6050
Added Member To Class: ClassName=SmartHelmet Member=Component U? ESP32-S3-MINI-1U-N8
