Change Component Designator: OldDesignator=C? NewDesignator=C28
Change Component Designator: OldDesignator=R? NewDesignator=R13
Added Component: Designator=C22(CAPC1608X105N)
Add component (AddParameter): Name = "Arrow Part Number"; Value = "CL10A226MP8NUNE"; VariantName = "[No Variations]"
Add component (AddParameter): Name = "Arrow Price/Stock"; Value = "https://www.arrow.com/en/products/cl10a226mp8nune/samsung-electro-mechanics?region=nac"; VariantName = "[No Variations]"
Add component (AddParameter): Name = "Datasheet Link"; Value = "https://datasheet.datasheetarchive.com/originals/distributors/Datasheets-DGA10/2407063.pdf"; VariantName = "[No Variations]"
Add component (AddParameter): Name = "Height"; Value = "1.05mm"; VariantName = "[No Variations]"
Add component (AddParameter): Name = "Manufacturer_Name"; Value = "SAMSUNG"; VariantName = "[No Variations]"
Add component (AddParameter): Name = "Manufacturer_Part_Number"; Value = "CL10A226MP8NUNE"; VariantName = "[No Variations]"
Add component (AddParameter): Name = "Mouser Part Number"; Value = "187-CL10A226MP8NUNE"; VariantName = "[No Variations]"
Add component (AddParameter): Name = "Mouser Price/Stock"; Value = "https://www.mouser.co.uk/ProductDetail/Samsung-Electro-Mechanics/CL10A226MP8NUNE?qs=gRKWieUq2Hb5O0PTfRKzDQ%3D%3D"; VariantName = "[No Variations]"
Add component (AddParameter): Name = "Value"; Value = "22uF"; VariantName = "[No Variations]"
Added Component: Designator=C23(CAPC1608X105N)
Add component (AddParameter): Name = "Arrow Part Number"; Value = "CL10A226MP8NUNE"; VariantName = "[No Variations]"
Add component (AddParameter): Name = "Arrow Price/Stock"; Value = "https://www.arrow.com/en/products/cl10a226mp8nune/samsung-electro-mechanics?region=nac"; VariantName = "[No Variations]"
Add component (AddParameter): Name = "Datasheet Link"; Value = "https://datasheet.datasheetarchive.com/originals/distributors/Datasheets-DGA10/2407063.pdf"; VariantName = "[No Variations]"
Add component (AddParameter): Name = "Height"; Value = "1.05mm"; VariantName = "[No Variations]"
Add component (AddParameter): Name = "Manufacturer_Name"; Value = "SAMSUNG"; VariantName = "[No Variations]"
Add component (AddParameter): Name = "Manufacturer_Part_Number"; Value = "CL10A226MP8NUNE"; VariantName = "[No Variations]"
Add component (AddParameter): Name = "Mouser Part Number"; Value = "187-CL10A226MP8NUNE"; VariantName = "[No Variations]"
Add component (AddParameter): Name = "Mouser Price/Stock"; Value = "https://www.mouser.co.uk/ProductDetail/Samsung-Electro-Mechanics/CL10A226MP8NUNE?qs=gRKWieUq2Hb5O0PTfRKzDQ%3D%3D"; VariantName = "[No Variations]"
Add component (AddParameter): Name = "Value"; Value = "22uF"; VariantName = "[No Variations]"
Added Pin To Net: NetName=BAT+ Pin=C22-1
Added Pin To Net: NetName=GND Pin=C22-2
Added Pin To Net: NetName=BAT+ Pin=C23-1
Added Pin To Net: NetName=GND Pin=C23-2
Change Net Name : Old Net Name=NetC?_1 New Net Name=NetC28_1
Change Net Name : Old Net Name=NetC?_2 New Net Name=NetC28_2
Added Member To Class: ClassName=SmartHelmet Member=Component C22 CL10A226MP8NUNE
Added Member To Class: ClassName=SmartHelmet Member=Component C23 CL10A226MP8NUNE
Added Room: Name=SmartHelmet
