Removed Pin From Net: NetName=SP_SD_MODE Pin=R?-1
Add Component: Footprint Not Found USB4110GFA
Add Component: Footprint Not Found CR01005FW1001GLF
Add Pin To Net: Unknown Pin: Pin J?-A1
Add Pin To Net: Unknown Pin: Pin J?-A4
Add Pin To Net: Unknown Pin: Pin J?-A5
Add Pin To Net: Unknown Pin: Pin J?-A6
Add Pin To Net: Unknown Pin: Pin J?-A7
Add Pin To Net: Unknown Pin: Pin J?-A9
Add Pin To Net: Unknown Pin: Pin J?-A12
Add Pin To Net: Unknown Pin: Pin J?-B1
Add Pin To Net: Unknown Pin: Pin J?-B4
Add Pin To Net: Unknown Pin: Pin J?-B5
Add Pin To Net: Unknown Pin: Pin J?-B6
Add Pin To Net: Unknown Pin: Pin J?-B7
Add Pin To Net: Unknown Pin: Pin J?-B9
Add Pin To Net: Unknown Pin: Pin J?-B12
Add Pin To Net: Unknown Pin: Pin J?-MP1
Add Pin To Net: Unknown Pin: Pin J?-MP2
Add Pin To Net: Unknown Pin: Pin J?-MP3
Add Pin To Net: Unknown Pin: Pin J?-MP4
Added Pin To Net: NetName=NetJ?_B5 Pin=R?-1
Added Pin To Net: NetName=SP_SD_MODE Pin=R?-1
Add Net: Net with name "NetC?_2" already exists
Add Net: Net with name "NetC?_2" already exists
Add Net: Net with name "NetC?_2" already exists
Add Net: Net with name "NetLED?_1" already exists
Add Net: Net with name "NetLED?_2" already exists
Add Net: Net with name "NetR?_2" already exists
Add Net: Net with name "NetR?_2" already exists
Add Net: Net with name "NetR?_2" already exists
Add Net: Net with name "NetR?_2" already exists
Added Member To Class: ClassName=SmartHelmet Member=Component C? CL05A106MP5NUNC
Added Member To Class: ClassName=SmartHelmet Member=Component C? CC0402KRX7R9BB103
Added Member To Class: ClassName=SmartHelmet Member=Component C? CL05B104KO5NNNC
Added Member To Class: ClassName=SmartHelmet Member=Component C? CL05B104KO5NNNC
Added Member To Class: ClassName=SmartHelmet Member=Component C? CL05B104KO5NNNC
Added Member To Class: ClassName=SmartHelmet Member=Component C? CL05A106MP5NUNC
Added Member To Class: ClassName=SmartHelmet Member=Component C? CL05A106MP5NUNC
Added Member To Class: ClassName=SmartHelmet Member=Component C? CC0402KRX7R7BB104
Added Member To Class: ClassName=SmartHelmet Member=Component C? CL05A106MP5NUNC
Added Member To Class: ClassName=SmartHelmet Member=Component C? CL10A226MP8NUNE
Added Member To Class: ClassName=SmartHelmet Member=Component C? CL05B104KO5NNNC
Added Member To Class: ClassName=SmartHelmet Member=Component C? CL10A226MP8NUNE
Added Member To Class: ClassName=SmartHelmet Member=Component C? CL05A106MP5NUNC
Added Member To Class: ClassName=SmartHelmet Member=Component C? CL05B104KO5NNNC
Added Member To Class: ClassName=SmartHelmet Member=Component C? CL05B104KO5NNNC
Added Member To Class: ClassName=SmartHelmet Member=Component C? GRM155C71C105KE11J
Added Member To Class: ClassName=SmartHelmet Member=Component C? CC0402KRX7R7BB104
Added Member To Class: ClassName=SmartHelmet Member=Component C? CC0402KRX7R9BB222
Added Member To Class: ClassName=SmartHelmet Member=Component C? CL05B104KO5NNNC
Added Member To Class: ClassName=SmartHelmet Member=Component C? CL05B104KO5NNNC
Added Member To Class: ClassName=SmartHelmet Member=Component C? CC0402JRNPO9BN100
Added Member To Class: ClassName=SmartHelmet Member=Component C? CL10A226MP8NUNE
Added Member To Class: ClassName=SmartHelmet Member=Component C? CL10A226MP8NUNE
Added Member To Class: ClassName=SmartHelmet Member=Component C? CL10A226MP8NUNE
Added Member To Class: ClassName=SmartHelmet Member=Component C? CL05A106MP5NUNC
Added Member To Class: ClassName=SmartHelmet Member=Component IC? TPS63060DSCR
Add Class Member: Failed to add class member : Component J? USB4110-GF-A
Added Member To Class: ClassName=SmartHelmet Member=Component LED? NCD0402R1
Added Member To Class: ClassName=SmartHelmet Member=Component P? Header 3X2
Added Member To Class: ClassName=SmartHelmet Member=Component P? Header 3X2
Added Member To Class: ClassName=SmartHelmet Member=Component P? Header 2
Added Member To Class: ClassName=SmartHelmet Member=Component R? RC0402FR-0710KL
Added Member To Class: ClassName=SmartHelmet Member=Component R? AC1206JR-074K7L
Added Member To Class: ClassName=SmartHelmet Member=Component R? RC0402FR-071K5L
Added Member To Class: ClassName=SmartHelmet Member=Component R? RC0402FR-07100KL
Added Member To Class: ClassName=SmartHelmet Member=Component R? AC0402FR-07549RL
Added Member To Class: ClassName=SmartHelmet Member=Component R? AC1206JR-074K7L
Added Member To Class: ClassName=SmartHelmet Member=Component R? RK73H1ETTP5101F
Added Member To Class: ClassName=SmartHelmet Member=Component R? CR01005-FW-1001GLF
Added Member To Class: ClassName=SmartHelmet Member=Component R? RT0805BRD07111KL
Added Member To Class: ClassName=SmartHelmet Member=Component R? CRCW040210K0FKEE
Added Member To Class: ClassName=SmartHelmet Member=Component R? AC0402DR-071ML
Added Member To Class: ClassName=SmartHelmet Member=Component R? RC0402FR-071KL
Added Member To Class: ClassName=SmartHelmet Member=Component R? RK73H1ETTP5101F
Added Member To Class: ClassName=SmartHelmet Member=Component R? RC0402FR-071K5L
Added Member To Class: ClassName=SmartHelmet Member=Component R? RK73H1ETTP5101F
Added Member To Class: ClassName=SmartHelmet Member=Component R? AC0402DR-071ML
Added Member To Class: ClassName=SmartHelmet Member=Component U? BQ24040DSQR
Added Member To Class: ClassName=SmartHelmet Member=Component U? AP2204K-3.3TRG1
Added Member To Class: ClassName=SmartHelmet Member=Component U? ESP32-S3-MINI-1U-N8
Added Member To Class: ClassName=SmartHelmet Member=Component U? MPU-6050
